TN:
SF:F:/Learning/Angular/NobleProg/NUS-Singapore/Codes/DemoApp/src/polyfills.ts
FNF:0
FNH:0
DA:46,1
DA:73,1
LF:2
LH:2
BRF:0
BRH:0
end_of_record
TN:
SF:F:/Learning/Angular/NobleProg/NUS-Singapore/Codes/DemoApp/src/test.ts
FNF:0
FNH:0
DA:3,1
DA:4,1
DA:5,1
DA:13,1
DA:18,1
DA:20,1
LF:6
LH:6
BRF:0
BRH:0
end_of_record
TN:
SF:F:/Learning/Angular/NobleProg/NUS-Singapore/Codes/DemoApp/src/app/app.component.ts
FN:12,(anonymous_1)
FN:6,AppComponent
FN:21,(anonymous_3)
FN:25,(anonymous_4)
FNF:4
FNH:1
FNDA:1,(anonymous_1)
FNDA:0,AppComponent
FNDA:0,(anonymous_3)
FNDA:0,(anonymous_4)
DA:1,1
DA:4,1
DA:12,1
DA:13,0
DA:14,0
DA:15,0
DA:16,0
DA:21,1
DA:25,1
DA:26,0
DA:30,1
LF:11
LH:6
BRF:0
BRH:0
end_of_record
TN:
SF:F:/Learning/Angular/NobleProg/NUS-Singapore/Codes/DemoApp/src/app/auth/forgot-password/forgot-password.component.ts
FN:8,(anonymous_2)
FN:10,ForgotPasswordComponent
FN:12,(anonymous_4)
FNF:3
FNH:3
FNDA:1,(anonymous_2)
FNDA:1,ForgotPasswordComponent
FNDA:1,(anonymous_4)
DA:1,1
DA:8,1
DA:12,1
DA:15,1
LF:4
LH:4
BRF:0
BRH:0
end_of_record
TN:
SF:F:/Learning/Angular/NobleProg/NUS-Singapore/Codes/DemoApp/src/app/auth/login/login.component.ts
FN:8,(anonymous_2)
FN:10,LoginComponent
FN:12,(anonymous_4)
FNF:3
FNH:3
FNDA:1,(anonymous_2)
FNDA:1,LoginComponent
FNDA:1,(anonymous_4)
DA:1,1
DA:8,1
DA:12,1
DA:15,1
LF:4
LH:4
BRF:0
BRH:0
end_of_record
TN:
SF:F:/Learning/Angular/NobleProg/NUS-Singapore/Codes/DemoApp/src/app/auth/sign-up/sign-up.component.ts
FN:8,(anonymous_2)
FN:10,SignUpComponent
FN:12,(anonymous_4)
FNF:3
FNH:3
FNDA:1,(anonymous_2)
FNDA:1,SignUpComponent
FNDA:1,(anonymous_4)
DA:1,1
DA:8,1
DA:12,1
DA:15,1
LF:4
LH:4
BRF:0
BRH:0
end_of_record
TN:
SF:F:/Learning/Angular/NobleProg/NUS-Singapore/Codes/DemoApp/src/app/counter/counter.component.ts
FN:8,(anonymous_1)
FN:3,CounterComponent
FN:13,(anonymous_3)
FN:17,(anonymous_4)
FNF:4
FNH:1
FNDA:1,(anonymous_1)
FNDA:0,CounterComponent
FNDA:0,(anonymous_3)
FNDA:0,(anonymous_4)
DA:1,1
DA:8,1
DA:10,0
DA:11,0
DA:13,1
DA:14,0
DA:17,1
DA:18,0
DA:21,1
LF:9
LH:5
BRF:0
BRH:0
end_of_record
TN:
SF:F:/Learning/Angular/NobleProg/NUS-Singapore/Codes/DemoApp/src/app/employees/employee-details/employee-details.component.ts
FN:8,(anonymous_2)
FN:10,EmployeeDetailsComponent
FN:12,(anonymous_4)
FNF:3
FNH:3
FNDA:1,(anonymous_2)
FNDA:1,EmployeeDetailsComponent
FNDA:1,(anonymous_4)
DA:1,1
DA:8,1
DA:12,1
DA:15,1
LF:4
LH:4
BRF:0
BRH:0
end_of_record
TN:
SF:F:/Learning/Angular/NobleProg/NUS-Singapore/Codes/DemoApp/src/app/employees/employee-list/employee-list.component.ts
FN:8,(anonymous_2)
FN:10,EmployeeListComponent
FN:12,(anonymous_4)
FNF:3
FNH:3
FNDA:1,(anonymous_2)
FNDA:1,EmployeeListComponent
FNDA:1,(anonymous_4)
DA:1,1
DA:8,1
DA:12,1
DA:15,1
LF:4
LH:4
BRF:0
BRH:0
end_of_record
TN:
SF:F:/Learning/Angular/NobleProg/NUS-Singapore/Codes/DemoApp/src/app/model-driven-form/model-driven-form.component.ts
FN:9,(anonymous_2)
FN:28,ModelDrivenFormComponent
FN:24,(anonymous_4)
FN:30,(anonymous_5)
FN:33,(anonymous_6)
FNF:5
FNH:1
FNDA:1,(anonymous_2)
FNDA:0,ModelDrivenFormComponent
FNDA:0,(anonymous_4)
FNDA:0,(anonymous_5)
FNDA:0,(anonymous_6)
DA:1,1
DA:9,1
DA:11,0
DA:24,1
DA:25,0
DA:30,1
DA:33,1
DA:34,0
DA:36,1
LF:9
LH:6
BRDA:25,0,0,0
BRDA:25,0,1,0
BRDA:25,0,2,0
BRDA:25,0,3,0
BRF:4
BRH:0
end_of_record
TN:
SF:F:/Learning/Angular/NobleProg/NUS-Singapore/Codes/DemoApp/src/app/not-found/not-found.component.ts
FN:8,(anonymous_2)
FN:10,NotFoundComponent
FN:12,(anonymous_4)
FNF:3
FNH:3
FNDA:1,(anonymous_2)
FNDA:1,NotFoundComponent
FNDA:1,(anonymous_4)
DA:1,1
DA:8,1
DA:12,1
DA:15,1
LF:4
LH:4
BRF:0
BRH:0
end_of_record
TN:
SF:F:/Learning/Angular/NobleProg/NUS-Singapore/Codes/DemoApp/src/app/pipes/capitalize.pipe.ts
FN:6,(anonymous_1)
FN:8,(anonymous_3)
FN:11,(anonymous_4)
FNF:3
FNH:1
FNDA:2,(anonymous_1)
FNDA:0,(anonymous_3)
FNDA:0,(anonymous_4)
DA:1,1
DA:6,1
DA:8,1
DA:9,0
DA:11,0
DA:12,0
DA:16,1
LF:7
LH:4
BRDA:9,0,0,0
BRDA:9,0,1,0
BRF:2
BRH:0
end_of_record
TN:
SF:F:/Learning/Angular/NobleProg/NUS-Singapore/Codes/DemoApp/src/app/pipes/filter.pipe.ts
FN:6,(anonymous_1)
FN:8,(anonymous_3)
FN:9,(anonymous_4)
FNF:3
FNH:1
FNDA:2,(anonymous_1)
FNDA:0,(anonymous_3)
FNDA:0,(anonymous_4)
DA:1,1
DA:6,1
DA:8,1
DA:9,0
DA:12,1
LF:5
LH:4
BRF:0
BRH:0
end_of_record
TN:
SF:F:/Learning/Angular/NobleProg/NUS-Singapore/Codes/DemoApp/src/app/pipes-demo/pipes-demo.component.ts
FN:8,(anonymous_2)
FN:10,PipesDemoComponent
FN:12,(anonymous_4)
FNF:3
FNH:3
FNDA:1,(anonymous_2)
FNDA:1,PipesDemoComponent
FNDA:1,(anonymous_4)
DA:1,1
DA:8,1
DA:9,1
DA:12,1
DA:15,1
LF:5
LH:5
BRF:0
BRH:0
end_of_record
TN:
SF:F:/Learning/Angular/NobleProg/NUS-Singapore/Codes/DemoApp/src/app/reactive-form/reactive-form.component.ts
FN:12,(anonymous_2)
FN:16,ReactiveFormComponent
FN:18,(anonymous_4)
FN:50,(anonymous_5)
FN:53,(anonymous_6)
FN:62,(anonymous_7)
FNF:6
FNH:1
FNDA:1,(anonymous_2)
FNDA:0,ReactiveFormComponent
FNDA:0,(anonymous_4)
FNDA:0,(anonymous_5)
FNDA:0,(anonymous_6)
FNDA:0,(anonymous_7)
DA:1,1
DA:2,1
DA:12,1
DA:14,0
DA:16,0
DA:18,1
DA:20,0
DA:50,0
DA:52,0
DA:53,0
DA:54,0
DA:62,1
DA:63,0
DA:64,0
DA:66,1
LF:15
LH:6
BRDA:52,0,0,0
BRDA:52,0,1,0
BRF:2
BRH:0
end_of_record
TN:
SF:F:/Learning/Angular/NobleProg/NUS-Singapore/Codes/DemoApp/src/app/services/user.service.ts
FN:9,(anonymous_2)
FN:12,UserService
FN:14,(anonymous_4)
FN:19,(anonymous_5)
FN:24,(anonymous_6)
FNF:5
FNH:1
FNDA:1,(anonymous_2)
FNDA:0,UserService
FNDA:0,(anonymous_4)
FNDA:0,(anonymous_5)
FNDA:0,(anonymous_6)
DA:1,1
DA:2,1
DA:3,1
DA:6,1
DA:9,1
DA:10,0
DA:12,0
DA:14,1
DA:15,0
DA:16,0
DA:18,0
DA:20,0
DA:24,1
DA:25,0
DA:26,0
DA:28,0
DA:78,1
LF:17
LH:8
BRF:0
BRH:0
end_of_record
TN:
SF:F:/Learning/Angular/NobleProg/NUS-Singapore/Codes/DemoApp/src/app/state/user.reducer.ts
FN:13,(anonymous_0)
FN:15,UsersLoadedAction
FN:22,usersReducer
FN:35,(anonymous_3)
FNF:4
FNH:1
FNDA:1,(anonymous_0)
FNDA:0,UsersLoadedAction
FNDA:0,usersReducer
FNDA:0,(anonymous_3)
DA:4,1
DA:13,1
DA:14,0
DA:15,0
DA:16,1
DA:18,1
DA:22,1
DA:24,0
DA:26,0
DA:30,0
DA:35,1
LF:11
LH:6
BRDA:22,0,0,0
BRDA:22,0,1,0
BRDA:25,1,0,0
BRDA:25,1,1,0
BRF:4
BRH:0
end_of_record
TN:
SF:F:/Learning/Angular/NobleProg/NUS-Singapore/Codes/DemoApp/src/app/template-driven-form/template-driven-form.component.ts
FN:8,(anonymous_2)
FN:10,TemplateDrivenFormComponent
FN:12,(anonymous_4)
FN:15,(anonymous_5)
FNF:4
FNH:1
FNDA:1,(anonymous_2)
FNDA:0,TemplateDrivenFormComponent
FNDA:0,(anonymous_4)
FNDA:0,(anonymous_5)
DA:1,1
DA:8,1
DA:12,1
DA:15,1
DA:16,0
DA:18,1
LF:6
LH:5
BRF:0
BRH:0
end_of_record
TN:
SF:F:/Learning/Angular/NobleProg/NUS-Singapore/Codes/DemoApp/src/app/user-count/user-count.component.ts
FN:8,(anonymous_2)
FN:26,UserCountComponent
FN:22,(anonymous_4)
FN:28,(anonymous_5)
FNF:4
FNH:1
FNDA:1,(anonymous_2)
FNDA:0,UserCountComponent
FNDA:0,(anonymous_4)
FNDA:0,(anonymous_5)
DA:1,1
DA:8,1
DA:11,1
DA:13,1
DA:15,1
DA:17,0
DA:20,1
DA:22,1
DA:23,0
DA:28,1
DA:31,1
LF:11
LH:9
BRF:0
BRH:0
end_of_record
TN:
SF:F:/Learning/Angular/NobleProg/NUS-Singapore/Codes/DemoApp/src/app/user-details/user-details.component.ts
FN:9,(anonymous_2)
FN:12,UserDetailsComponent
FN:14,(anonymous_4)
FNF:3
FNH:1
FNDA:1,(anonymous_2)
FNDA:0,UserDetailsComponent
FNDA:0,(anonymous_4)
DA:1,1
DA:2,1
DA:9,1
DA:10,0
DA:12,0
DA:14,1
DA:15,0
DA:18,1
LF:8
LH:5
BRF:0
BRH:0
end_of_record
TN:
SF:F:/Learning/Angular/NobleProg/NUS-Singapore/Codes/DemoApp/src/app/user-list/user-list.component.ts
FN:12,(anonymous_2)
FN:18,UserListComponent
FN:23,(anonymous_4)
FN:40,(anonymous_5)
FNF:4
FNH:1
FNDA:1,(anonymous_2)
FNDA:0,UserListComponent
FNDA:0,(anonymous_4)
FNDA:0,(anonymous_5)
DA:1,1
DA:2,1
DA:4,1
DA:12,1
DA:13,0
DA:15,0
DA:16,0
DA:18,0
DA:19,0
DA:20,0
DA:23,1
DA:40,1
DA:41,0
DA:42,0
DA:45,1
LF:15
LH:7
BRF:0
BRH:0
end_of_record
